2022-11-13 15:37:57.961  INFO 6320 --- [main] com.example.demo.Demo1Application        : Starting Demo1Application using Java 1.8.0_301 on DESKTOP-4F147PC with PID 6320 (F:\HCL training\Spring and Boot\Demo1\target\classes started by MOHAMMAD IQBAL in F:\HCL training\Spring and Boot\Demo1)
2022-11-13 15:37:57.967  INFO 6320 --- [main] com.example.demo.Demo1Application        : No active profile set, falling back to default profiles: default
2022-11-13 15:37:59.483  INFO 6320 --- [main] o.s.b.w.embedded.tomcat.TomcatWebServer  : Tomcat initialized with port(s): 8080 (http)
2022-11-13 15:37:59.491  INFO 6320 --- [main] o.apache.catalina.core.StandardService   : Starting service [Tomcat]
2022-11-13 15:37:59.492  INFO 6320 --- [main] org.apache.catalina.core.StandardEngine  : Starting Servlet engine: [Apache Tomcat/9.0.55]
2022-11-13 15:37:59.567  INFO 6320 --- [main] o.a.c.c.C.[Tomcat].[localhost].[/]       : Initializing Spring embedded WebApplicationContext
2022-11-13 15:37:59.567  INFO 6320 --- [main] w.s.c.ServletWebServerApplicationContext : Root WebApplicationContext: initialization completed in 1549 ms
2022-11-13 15:38:01.102  INFO 6320 --- [main] o.s.b.a.e.web.EndpointLinksResolver      : Exposing 14 endpoint(s) beneath base path '/actuator'
2022-11-13 15:38:01.160  INFO 6320 --- [main] o.s.b.w.embedded.tomcat.TomcatWebServer  : Tomcat started on port(s): 8080 (http) with context path ''
2022-11-13 15:38:01.173  INFO 6320 --- [main] com.example.demo.Demo1Application        : Started Demo1Application in 3.611 seconds (JVM running for 4.543)
2022-11-13 15:38:01.179  INFO 6320 --- [main] com.hcl.demo2.MyClass                    : Hello
2022-11-13 15:40:49.581  INFO 6320 --- [RMI TCP Connection(2)-127.0.0.1] inMXBeanRegistrar$SpringApplicationAdmin : Application shutdown requested.
2022-11-13 15:41:24.931  INFO 6700 --- [main] com.example.demo.Demo1Application        : Starting Demo1Application using Java 1.8.0_301 on DESKTOP-4F147PC with PID 6700 (F:\HCL training\Spring and Boot\Demo1\target\classes started by MOHAMMAD IQBAL in F:\HCL training\Spring and Boot\Demo1)
2022-11-13 15:41:24.933  INFO 6700 --- [main] com.example.demo.Demo1Application        : No active profile set, falling back to default profiles: default
2022-11-13 15:41:26.290  INFO 6700 --- [main] o.s.b.w.embedded.tomcat.TomcatWebServer  : Tomcat initialized with port(s): 8888 (http)
2022-11-13 15:41:26.298  INFO 6700 --- [main] o.apache.catalina.core.StandardService   : Starting service [Tomcat]
2022-11-13 15:41:26.298  INFO 6700 --- [main] org.apache.catalina.core.StandardEngine  : Starting Servlet engine: [Apache Tomcat/9.0.55]
2022-11-13 15:41:26.370  INFO 6700 --- [main] o.a.c.c.C.[Tomcat].[localhost].[/]       : Initializing Spring embedded WebApplicationContext
2022-11-13 15:41:26.371  INFO 6700 --- [main] w.s.c.ServletWebServerApplicationContext : Root WebApplicationContext: initialization completed in 1399 ms
2022-11-13 15:41:27.784  INFO 6700 --- [main] o.s.b.a.e.web.EndpointLinksResolver      : Exposing 1 endpoint(s) beneath base path '/actuator'
2022-11-13 15:41:27.845  INFO 6700 --- [main] o.s.b.w.embedded.tomcat.TomcatWebServer  : Tomcat started on port(s): 8888 (http) with context path ''
2022-11-13 15:41:27.859  INFO 6700 --- [main] com.example.demo.Demo1Application        : Started Demo1Application in 3.286 seconds (JVM running for 4.102)
2022-11-13 15:41:27.865  INFO 6700 --- [main] com.hcl.demo2.MyClass                    : Hello
2022-11-13 15:41:36.339  INFO 6700 --- [RMI TCP Connection(2)-127.0.0.1] inMXBeanRegistrar$SpringApplicationAdmin : Application shutdown requested.
